<?xml version="1.0" encoding="UTF-8"?>
<!-- Generated by org.testng.reporters.JUnitXMLReporter -->
<testsuite hostname="DESKTOP-T0FRMGM" ignored="0" name="Default test" tests="8" failures="0" timestamp="02 Nov 2017 18:37:57 GMT" time="63.665" errors="0">
  <testcase name="navigateToHomePage" time="18.477" classname="tests.FlyToSydney"/>
  <testcase name="getToFlightPage" time="0.335" classname="tests.FlyToSydney"/>
  <testcase name="setFlyingFromField" time="2.981" classname="tests.FlyToSydney"/>
  <testcase name="setFlyingToField" time="3.563" classname="tests.FlyToSydney"/>
  <testcase name="setDepartingDate" time="0.924" classname="tests.FlyToSydney"/>
  <testcase name="setReturningDate" time="1.209" classname="tests.FlyToSydney"/>
  <testcase name="clickSearchButton" time="25.233" classname="tests.FlyToSydney"/>
  <testcase name="verifySearchResults" time="0.361" classname="tests.FlyToSydney"/>
</testsuite> <!-- Default test -->
