<?xml version="1.0" encoding="UTF-8"?>
<testng-results skipped="0" failed="0" ignored="0" total="8" passed="8">
  <reporter-output>
  </reporter-output>
  <suite name="Default suite" duration-ms="63665" started-at="2017-11-02T18:36:53Z" finished-at="2017-11-02T18:37:56Z">
    <groups>
    </groups>
    <test name="Default test" duration-ms="63665" started-at="2017-11-02T18:36:53Z" finished-at="2017-11-02T18:37:56Z">
      <class name="tests.FlyToSydney">
        <test-method status="PASS" signature="setUp()[pri:0, instance:tests.FlyToSydney@4cc0edeb]" name="setUp" is-config="true" duration-ms="8591" started-at="2017-11-02T20:36:53Z" finished-at="2017-11-02T20:37:01Z">
          <reporter-output>
          </reporter-output>
        </test-method> <!-- setUp -->
        <test-method status="PASS" signature="navigateToHomePage()[pri:1, instance:tests.FlyToSydney@4cc0edeb]" name="navigateToHomePage" duration-ms="18477" started-at="2017-11-02T20:37:01Z" finished-at="2017-11-02T20:37:20Z">
          <reporter-output>
          </reporter-output>
        </test-method> <!-- navigateToHomePage -->
        <test-method status="PASS" signature="getToFlightPage()[pri:2, instance:tests.FlyToSydney@4cc0edeb]" name="getToFlightPage" duration-ms="335" started-at="2017-11-02T20:37:20Z" finished-at="2017-11-02T20:37:20Z">
          <reporter-output>
          </reporter-output>
        </test-method> <!-- getToFlightPage -->
        <test-method status="PASS" signature="setFlyingFromField()[pri:3, instance:tests.FlyToSydney@4cc0edeb]" name="setFlyingFromField" duration-ms="2981" started-at="2017-11-02T20:37:20Z" finished-at="2017-11-02T20:37:23Z">
          <reporter-output>
          </reporter-output>
        </test-method> <!-- setFlyingFromField -->
        <test-method status="PASS" signature="setFlyingToField()[pri:4, instance:tests.FlyToSydney@4cc0edeb]" name="setFlyingToField" duration-ms="3563" started-at="2017-11-02T20:37:23Z" finished-at="2017-11-02T20:37:27Z">
          <reporter-output>
          </reporter-output>
        </test-method> <!-- setFlyingToField -->
        <test-method status="PASS" signature="setDepartingDate()[pri:5, instance:tests.FlyToSydney@4cc0edeb]" name="setDepartingDate" duration-ms="924" started-at="2017-11-02T20:37:27Z" finished-at="2017-11-02T20:37:27Z">
          <reporter-output>
          </reporter-output>
        </test-method> <!-- setDepartingDate -->
        <test-method status="PASS" signature="setReturningDate()[pri:6, instance:tests.FlyToSydney@4cc0edeb]" name="setReturningDate" duration-ms="1209" started-at="2017-11-02T20:37:27Z" finished-at="2017-11-02T20:37:29Z">
          <reporter-output>
          </reporter-output>
        </test-method> <!-- setReturningDate -->
        <test-method status="PASS" signature="clickSearchButton()[pri:7, instance:tests.FlyToSydney@4cc0edeb]" name="clickSearchButton" duration-ms="25233" started-at="2017-11-02T20:37:29Z" finished-at="2017-11-02T20:37:54Z">
          <reporter-output>
          </reporter-output>
        </test-method> <!-- clickSearchButton -->
        <test-method status="PASS" signature="verifySearchResults()[pri:8, instance:tests.FlyToSydney@4cc0edeb]" name="verifySearchResults" duration-ms="361" started-at="2017-11-02T20:37:54Z" finished-at="2017-11-02T20:37:54Z">
          <reporter-output>
          </reporter-output>
        </test-method> <!-- verifySearchResults -->
        <test-method status="PASS" signature="cleanUp()[pri:0, instance:tests.FlyToSydney@4cc0edeb]" name="cleanUp" is-config="true" duration-ms="1944" started-at="2017-11-02T20:37:54Z" finished-at="2017-11-02T20:37:56Z">
          <reporter-output>
          </reporter-output>
        </test-method> <!-- cleanUp -->
      </class> <!-- tests.FlyToSydney -->
    </test> <!-- Default test -->
  </suite> <!-- Default suite -->
</testng-results>
